[DEBUG] 2024-09-24 09:20:12 : crypto_service.py : crypto_service : 98 - 
    현재가 : 84700000.0
    단기 : 84704400.0
    중기 : 84766166.0
    장기 : 84802725.0
    
[INFO] 2024-09-24 09:20:12 : main.py : main : 17 - stage4
[DEBUG] 2024-09-24 09:23:12 : crypto_service.py : crypto_service : 98 - 
    현재가 : 84646000.0
    단기 : 84701000.0
    중기 : 84760450.0
    장기 : 84800258.0
    
[INFO] 2024-09-24 09:23:12 : main.py : main : 17 - stage4
[DEBUG] 2024-09-24 09:26:12 : crypto_service.py : crypto_service : 98 - 
    현재가 : 84700000.0
    단기 : 84702400.0
    중기 : 84756000.0
    장기 : 84798491.0
    
[INFO] 2024-09-24 09:26:12 : main.py : main : 17 - stage4
[DEBUG] 2024-09-24 09:29:12 : crypto_service.py : crypto_service : 98 - 
    현재가 : 84727000.0
    단기 : 84703950.0
    중기 : 84753950.0
    장기 : 84797625.0
    
[INFO] 2024-09-24 09:29:12 : main.py : main : 17 - stage4
[DEBUG] 2024-09-24 09:32:13 : crypto_service.py : crypto_service : 98 - 
    현재가 : 84760000.0
    단기 : 84706300.0
    중기 : 84750200.0
    장기 : 84796741.0
    
[INFO] 2024-09-24 09:32:13 : main.py : main : 17 - stage4
[DEBUG] 2024-09-24 09:35:13 : crypto_service.py : crypto_service : 98 - 
    현재가 : 84733000.0
    단기 : 84707000.0
    중기 : 84746433.0
    장기 : 84795258.0
    
[INFO] 2024-09-24 09:35:13 : main.py : main : 17 - stage4
[DEBUG] 2024-09-24 09:38:13 : crypto_service.py : crypto_service : 98 - 
    현재가 : 84615000.0
    단기 : 84704000.0
    중기 : 84741700.0
    장기 : 84793200.0
    
[INFO] 2024-09-24 09:38:13 : main.py : main : 17 - stage4
[DEBUG] 2024-09-24 09:41:13 : crypto_service.py : crypto_service : 98 - 
    현재가 : 84387000.0
    단기 : 84687850.0
    중기 : 84732716.0
    장기 : 84788958.0
    
[INFO] 2024-09-24 09:41:13 : main.py : main : 17 - stage4
[DEBUG] 2024-09-24 09:44:14 : crypto_service.py : crypto_service : 98 - 
    현재가 : 84729000.0
    단기 : 84681850.0
    중기 : 84729666.0
    장기 : 84786175.0
    
[INFO] 2024-09-24 09:44:14 : main.py : main : 17 - stage4
[DEBUG] 2024-09-24 09:47:14 : crypto_service.py : crypto_service : 98 - 
    현재가 : 84462000.0
    단기 : 84667600.0
    중기 : 84724866.0
    장기 : 84782000.0
    
[INFO] 2024-09-24 09:47:14 : main.py : main : 17 - stage4
[DEBUG] 2024-09-24 09:50:14 : crypto_service.py : crypto_service : 98 - 
    현재가 : 84334000.0
    단기 : 84650850.0
    중기 : 84717666.0
    장기 : 84777150.0
    
[INFO] 2024-09-24 09:50:14 : main.py : main : 17 - stage4
[DEBUG] 2024-09-24 09:53:14 : crypto_service.py : crypto_service : 98 - 
    현재가 : 84411000.0
    단기 : 84635550.0
    중기 : 84710816.0
    장기 : 84773283.0
    
[INFO] 2024-09-24 09:53:14 : main.py : main : 17 - stage4
[DEBUG] 2024-09-24 09:56:15 : crypto_service.py : crypto_service : 98 - 
    현재가 : 84395000.0
    단기 : 84620550.0
    중기 : 84703566.0
    장기 : 84768741.0
    
[INFO] 2024-09-24 09:56:15 : main.py : main : 17 - stage4
