[DEBUG] 2024-09-24 09:58:14 : crypto_service.py : crypto_service : 98 - 
    현재가 : 84349000.0
    단기 : 84606400.0
    중기 : 84695066.0
    장기 : 84764625.0
    
[INFO] 2024-09-24 09:58:14 : main.py : main : 18 - stage4
[DEBUG] 2024-09-24 10:01:15 : crypto_service.py : crypto_service : 98 - 
    현재가 : 84243000.0
    단기 : 84578000.0
    중기 : 84683816.0
    장기 : 84759291.0
    
[INFO] 2024-09-24 10:01:15 : main.py : main : 18 - stage4
[DEBUG] 2024-09-24 10:04:15 : crypto_service.py : crypto_service : 98 - 
    현재가 : 84269000.0
    단기 : 84553050.0
    중기 : 84675583.0
    장기 : 84754458.0
    
[INFO] 2024-09-24 10:04:15 : main.py : main : 18 - stage4
[DEBUG] 2024-09-24 10:07:15 : crypto_service.py : crypto_service : 98 - 
    현재가 : 84356000.0
    단기 : 84540800.0
    중기 : 84670750.0
    장기 : 84751700.0
    
[INFO] 2024-09-24 10:07:15 : main.py : main : 18 - stage4
[DEBUG] 2024-09-24 10:10:15 : crypto_service.py : crypto_service : 98 - 
    현재가 : 84400000.0
    단기 : 84536000.0
    중기 : 84666000.0
    장기 : 84748816.0
    
[INFO] 2024-09-24 10:10:15 : main.py : main : 18 - stage4
[DEBUG] 2024-09-24 10:13:16 : crypto_service.py : crypto_service : 98 - 
    현재가 : 84413000.0
    단기 : 84527250.0
    중기 : 84660933.0
    장기 : 84745141.0
    
[INFO] 2024-09-24 10:13:16 : main.py : main : 18 - stage4
[DEBUG] 2024-09-24 10:16:16 : crypto_service.py : crypto_service : 98 - 
    현재가 : 84412000.0
    단기 : 84512150.0
    중기 : 84654416.0
    장기 : 84740466.0
    
[INFO] 2024-09-24 10:16:16 : main.py : main : 18 - stage4
[DEBUG] 2024-09-24 10:19:16 : crypto_service.py : crypto_service : 98 - 
    현재가 : 84639000.0
    단기 : 84515950.0
    중기 : 84654216.0
    장기 : 84738991.0
    
[INFO] 2024-09-24 10:19:16 : main.py : main : 18 - stage4
[DEBUG] 2024-09-24 10:22:17 : crypto_service.py : crypto_service : 98 - 
    현재가 : 84548000.0
    단기 : 84505300.0
    중기 : 84648316.0
    장기 : 84735375.0
    
[INFO] 2024-09-24 10:22:17 : main.py : main : 18 - stage4
[DEBUG] 2024-09-24 10:25:17 : crypto_service.py : crypto_service : 98 - 
    현재가 : 84400000.0
    단기 : 84487450.0
    중기 : 84640866.0
    장기 : 84730816.0
    
[INFO] 2024-09-24 10:25:17 : main.py : main : 18 - stage4
[DEBUG] 2024-09-24 10:28:17 : crypto_service.py : crypto_service : 98 - 
    현재가 : 84379000.0
    단기 : 84463500.0
    중기 : 84631616.0
    장기 : 84724983.0
    
[INFO] 2024-09-24 10:28:17 : main.py : main : 18 - stage4
[DEBUG] 2024-09-24 10:31:17 : crypto_service.py : crypto_service : 98 - 
    현재가 : 84260000.0
    단기 : 84435200.0
    중기 : 84621533.0
    장기 : 84720016.0
    
[INFO] 2024-09-24 10:31:17 : main.py : main : 18 - stage4
[DEBUG] 2024-09-24 10:34:17 : crypto_service.py : crypto_service : 98 - 
    현재가 : 84258000.0
    단기 : 84407700.0
    중기 : 84611983.0
    장기 : 84715366.0
    
[INFO] 2024-09-24 10:34:17 : main.py : main : 18 - stage4
